[debug] [2025-11-20T13:35:42.036Z] ----------------------------------------------------------------------
[debug] [2025-11-20T13:35:42.040Z] Command:       C:\Program Files\nodejs\node.exe C:\Users\Practicante\AppData\Roaming\npm\node_modules\firebase-tools\lib\bin\firebase.js init hosting --project app-siembra-jhayler
[debug] [2025-11-20T13:35:42.040Z] CLI Version:   14.16.0
[debug] [2025-11-20T13:35:42.041Z] Platform:      win32
[debug] [2025-11-20T13:35:42.041Z] Node Version:  v22.19.0
[debug] [2025-11-20T13:35:42.041Z] Time:          Thu Nov 20 2025 08:35:42 GMT-0500 (hora estándar de Colombia)
[debug] [2025-11-20T13:35:42.041Z] ----------------------------------------------------------------------
[debug] 
[debug] [2025-11-20T13:35:42.045Z] >>> [apiv2][query] GET https://firebase-public.firebaseio.com/cli.json [none]
[debug] [2025-11-20T13:35:42.110Z] > command requires scopes: ["email","openid","https://www.googleapis.com/auth/cloudplatformprojects.readonly","https://www.googleapis.com/auth/firebase","https://www.googleapis.com/auth/cloud-platform"]
[debug] [2025-11-20T13:35:42.111Z] > authorizing via signed-in user (jhaylerzea12@gmail.com)
[info] 
     ######## #### ########  ######## ########     ###     ######  ########
     ##        ##  ##     ## ##       ##     ##  ##   ##  ##       ##
     ######    ##  ########  ######   ########  #########  ######  ######
     ##        ##  ##    ##  ##       ##     ## ##     ##       ## ##
     ##       #### ##     ## ######## ########  ##     ##  ######  ########

You're about to initialize a Firebase project in this directory:

  C:\Users\Practicante\Desktop\Jhayler\AppSiembra

[debug] [2025-11-20T13:35:42.479Z] <<< [apiv2][status] GET https://firebase-public.firebaseio.com/cli.json 200
[debug] [2025-11-20T13:35:42.479Z] <<< [apiv2][body] GET https://firebase-public.firebaseio.com/cli.json {"cloudBuildErrorAfter":1594252800000,"cloudBuildWarnAfter":1590019200000,"defaultNode10After":1594252800000,"minVersion":"3.0.5","node8DeploysDisabledAfter":1613390400000,"node8RuntimeDisabledAfter":1615809600000,"node8WarnAfter":1600128000000}
[debug] [2025-11-20T13:36:00.766Z] ----------------------------------------------------------------------
[debug] [2025-11-20T13:36:00.770Z] Command:       C:\Program Files\nodejs\node.exe C:\Users\Practicante\AppData\Roaming\npm\node_modules\firebase-tools\lib\bin\firebase.js init hosting --project app-siembra-jhayler
[debug] [2025-11-20T13:36:00.771Z] CLI Version:   14.16.0
[debug] [2025-11-20T13:36:00.771Z] Platform:      win32
[debug] [2025-11-20T13:36:00.771Z] Node Version:  v22.19.0
[debug] [2025-11-20T13:36:00.772Z] Time:          Thu Nov 20 2025 08:36:00 GMT-0500 (hora estándar de Colombia)
[debug] [2025-11-20T13:36:00.772Z] ----------------------------------------------------------------------
[debug] 
[debug] [2025-11-20T13:36:00.780Z] > command requires scopes: ["email","openid","https://www.googleapis.com/auth/cloudplatformprojects.readonly","https://www.googleapis.com/auth/firebase","https://www.googleapis.com/auth/cloud-platform"]
[debug] [2025-11-20T13:36:00.781Z] > authorizing via signed-in user (jhaylerzea12@gmail.com)
[info] 
     ######## #### ########  ######## ########     ###     ######  ########
     ##        ##  ##     ## ##       ##     ##  ##   ##  ##       ##
     ######    ##  ########  ######   ########  #########  ######  ######
     ##        ##  ##    ##  ##       ##     ## ##     ##       ## ##
     ##       #### ##     ## ######## ########  ##     ##  ######  ########

You're about to initialize a Firebase project in this directory:

  C:\Users\Practicante\Desktop\Jhayler\AppSiembra

[debug] [2025-11-20T13:36:23.552Z] ----------------------------------------------------------------------
[debug] [2025-11-20T13:36:23.557Z] Command:       C:\Program Files\nodejs\node.exe C:\Users\Practicante\AppData\Roaming\npm\node_modules\firebase-tools\lib\bin\firebase.js init hosting --project app-siembra-jhayler
[debug] [2025-11-20T13:36:23.558Z] CLI Version:   14.16.0
[debug] [2025-11-20T13:36:23.558Z] Platform:      win32
[debug] [2025-11-20T13:36:23.559Z] Node Version:  v22.19.0
[debug] [2025-11-20T13:36:23.559Z] Time:          Thu Nov 20 2025 08:36:23 GMT-0500 (hora estándar de Colombia)
[debug] [2025-11-20T13:36:23.559Z] ----------------------------------------------------------------------
[debug] 
[debug] [2025-11-20T13:36:23.569Z] > command requires scopes: ["email","openid","https://www.googleapis.com/auth/cloudplatformprojects.readonly","https://www.googleapis.com/auth/firebase","https://www.googleapis.com/auth/cloud-platform"]
[debug] [2025-11-20T13:36:23.570Z] > authorizing via signed-in user (jhaylerzea12@gmail.com)
[info] 
     ######## #### ########  ######## ########     ###     ######  ########
     ##        ##  ##     ## ##       ##     ##  ##   ##  ##       ##
     ######    ##  ########  ######   ########  #########  ######  ######
     ##        ##  ##    ##  ##       ##     ## ##     ##       ## ##
     ##       #### ##     ## ######## ########  ##     ##  ######  ########

You're about to initialize a Firebase project in this directory:

  C:\Users\Practicante\Desktop\Jhayler\AppSiembra

[info] 
=== Project Setup
[info] 
[info] First, let's associate this project directory with a Firebase project.
[info] You can create multiple project aliases by running firebase use --add, 
[info] but for now we'll just set up a default project.
[info] 
[debug] [2025-11-20T13:36:23.617Z] Using project from CLI flag: app-siembra-jhayler
[debug] [2025-11-20T13:36:23.620Z] Checked if tokens are valid: false, expires at: 1757942937602
[debug] [2025-11-20T13:36:23.620Z] Checked if tokens are valid: false, expires at: 1757942937602
[debug] [2025-11-20T13:36:23.620Z] > refreshing access token with scopes: []
[debug] [2025-11-20T13:36:23.626Z] >>> [apiv2][query] POST https://www.googleapis.com/oauth2/v3/token [none]
[debug] [2025-11-20T13:36:23.626Z] >>> [apiv2][body] POST https://www.googleapis.com/oauth2/v3/token [omitted]
[debug] [2025-11-20T13:36:24.072Z] <<< [apiv2][status] POST https://www.googleapis.com/oauth2/v3/token 200
[debug] [2025-11-20T13:36:24.072Z] <<< [apiv2][body] POST https://www.googleapis.com/oauth2/v3/token [omitted]
[debug] [2025-11-20T13:36:24.087Z] >>> [apiv2][query] GET https://firebase.googleapis.com/v1beta1/projects/app-siembra-jhayler [none]
[debug] [2025-11-20T13:36:24.759Z] <<< [apiv2][status] GET https://firebase.googleapis.com/v1beta1/projects/app-siembra-jhayler 403
[debug] [2025-11-20T13:36:24.759Z] <<< [apiv2][body] GET https://firebase.googleapis.com/v1beta1/projects/app-siembra-jhayler {"error":{"code":403,"message":"The caller does not have permission","status":"PERMISSION_DENIED"}}
[debug] [2025-11-20T13:36:24.761Z] Request to https://firebase.googleapis.com/v1beta1/projects/app-siembra-jhayler had HTTP Error: 403, The caller does not have permission
[debug] [2025-11-20T13:36:25.074Z] FirebaseError: Request to https://firebase.googleapis.com/v1beta1/projects/app-siembra-jhayler had HTTP Error: 403, The caller does not have permission
    at responseToError (C:\Users\Practicante\AppData\Roaming\npm\node_modules\firebase-tools\lib\responseToError.js:52:12)
    at RetryOperation._fn (C:\Users\Practicante\AppData\Roaming\npm\node_modules\firebase-tools\lib\apiv2.js:312:77)
    at process.processTicksAndRejections (node:internal/process/task_queues:105:5)
[error] 
[error] Error: Failed to get Firebase project app-siembra-jhayler. Please make sure the project exists and your account has permission to access it.
